{"context":"NestFactory","level":"info","message":"Starting Nest application...","service":"api","timestamp":"2023-05-01T07:22:23.255Z"}
{"context":"InstanceLoader","level":"info","message":"AppModule dependencies initialized","service":"api","timestamp":"2023-05-01T07:22:23.266Z"}
{"context":"InstanceLoader","level":"info","message":"UserModule dependencies initialized","service":"api","timestamp":"2023-05-01T07:22:23.267Z"}
{"context":"InstanceLoader","level":"info","message":"GraphQLSchemaBuilderModule dependencies initialized","service":"api","timestamp":"2023-05-01T07:22:23.267Z"}
{"context":"InstanceLoader","level":"info","message":"GraphQLModule dependencies initialized","service":"api","timestamp":"2023-05-01T07:22:23.268Z"}
{"context":{"methodName":"onModuleInit","packageName":"UserService","request_id":"1d5be606-ffdf-4fd5-8725-3ada79c6a8fe"},"level":"info","message":"the message","service":"api","timestamp":"2023-05-01T07:22:23.281Z"}
{"context":"GraphQLModule","level":"info","message":"Mapped {/graphql, POST} route","service":"api","timestamp":"2023-05-01T07:22:23.348Z"}
{"context":"NestApplication","level":"info","message":"Nest application successfully started","service":"api","timestamp":"2023-05-01T07:22:23.349Z"}
{"level":"info","message":"Application running on url http://127.0.0.1:3002, on worker with pid: 64503","service":"api","timestamp":"2023-05-01T07:22:23.359Z"}
{"context":"NestFactory","level":"info","message":"Starting Nest application...","service":"api","timestamp":"2023-05-01T07:25:23.339Z"}
{"context":"InstanceLoader","level":"info","message":"AppModule dependencies initialized","service":"api","timestamp":"2023-05-01T07:25:23.354Z"}
{"context":"InstanceLoader","level":"info","message":"UserModule dependencies initialized","service":"api","timestamp":"2023-05-01T07:25:23.356Z"}
{"context":"InstanceLoader","level":"info","message":"GraphQLSchemaBuilderModule dependencies initialized","service":"api","timestamp":"2023-05-01T07:25:23.357Z"}
{"context":"InstanceLoader","level":"info","message":"GraphQLModule dependencies initialized","service":"api","timestamp":"2023-05-01T07:25:23.357Z"}
{"context":{"methodName":"onModuleInit","packageName":"UserService","request_id":"f7b0a5d8-30d5-4254-bda2-a8a6f66c9426"},"level":"info","message":"the message","service":"api","timestamp":"2023-05-01T07:25:23.391Z"}
{"context":"GraphQLModule","level":"info","message":"Mapped {/graphql, POST} route","service":"api","timestamp":"2023-05-01T07:25:23.564Z"}
{"context":"NestApplication","level":"info","message":"Nest application successfully started","service":"api","timestamp":"2023-05-01T07:25:23.565Z"}
{"context":"NestApplication","level":"error","message":"Error: bind EADDRINUSE 127.0.0.1:3002","service":"api","stack":[null],"timestamp":"2023-05-01T07:25:23.742Z"}
{"context":"NestFactory","level":"info","message":"Starting Nest application...","service":"api","timestamp":"2023-05-01T07:31:27.858Z"}
{"context":"NestFactory","level":"info","message":"Starting Nest application...","service":"api","timestamp":"2023-05-01T07:31:27.931Z"}
{"context":"InstanceLoader","level":"info","message":"AppModule dependencies initialized","service":"api","timestamp":"2023-05-01T07:31:29.758Z"}
{"context":"InstanceLoader","level":"info","message":"UserModule dependencies initialized","service":"api","timestamp":"2023-05-01T07:31:44.027Z"}
{"context":"InstanceLoader","level":"info","message":"GraphQLSchemaBuilderModule dependencies initialized","service":"api","timestamp":"2023-05-01T07:31:44.102Z"}
{"context":"InstanceLoader","level":"info","message":"GraphQLModule dependencies initialized","service":"api","timestamp":"2023-05-01T07:31:44.216Z"}
{"context":{"methodName":"onModuleInit","packageName":"UserService","request_id":"ba6d6429-a19c-46bb-a267-7e300a57c408"},"level":"info","message":"the message","service":"api","timestamp":"2023-05-01T07:31:46.101Z"}
{"context":"NestFactory","level":"info","message":"Starting Nest application...","service":"api","timestamp":"2023-05-01T07:31:27.867Z"}
{"context":"NestFactory","level":"info","message":"Starting Nest application...","service":"api","timestamp":"2023-05-01T07:31:27.854Z"}
{"context":"NestFactory","level":"info","message":"Starting Nest application...","service":"api","timestamp":"2023-05-01T07:31:27.853Z"}
{"context":"NestFactory","level":"info","message":"Starting Nest application...","service":"api","timestamp":"2023-05-01T07:31:28.147Z"}
{"context":"InstanceLoader","level":"info","message":"AppModule dependencies initialized","service":"api","timestamp":"2023-05-01T07:31:29.736Z"}
{"context":"InstanceLoader","level":"info","message":"UserModule dependencies initialized","service":"api","timestamp":"2023-05-01T07:31:43.924Z"}
{"context":"InstanceLoader","level":"info","message":"GraphQLSchemaBuilderModule dependencies initialized","service":"api","timestamp":"2023-05-01T07:31:44.112Z"}
{"context":"InstanceLoader","level":"info","message":"GraphQLModule dependencies initialized","service":"api","timestamp":"2023-05-01T07:31:44.138Z"}
{"context":{"methodName":"onModuleInit","packageName":"UserService","request_id":"22351283-104e-4f79-82ae-d98a6304b440"},"level":"info","message":"the message","service":"api","timestamp":"2023-05-01T07:31:46.105Z"}
{"context":"InstanceLoader","level":"info","message":"AppModule dependencies initialized","service":"api","timestamp":"2023-05-01T07:31:29.782Z"}
{"context":"InstanceLoader","level":"info","message":"UserModule dependencies initialized","service":"api","timestamp":"2023-05-01T07:31:43.908Z"}
{"context":"InstanceLoader","level":"info","message":"GraphQLSchemaBuilderModule dependencies initialized","service":"api","timestamp":"2023-05-01T07:31:44.113Z"}
{"context":"InstanceLoader","level":"info","message":"GraphQLModule dependencies initialized","service":"api","timestamp":"2023-05-01T07:31:44.156Z"}
{"context":{"methodName":"onModuleInit","packageName":"UserService","request_id":"2692e7b8-3afc-4b44-9cf4-4b0d2d56bd9d"},"level":"info","message":"the message","service":"api","timestamp":"2023-05-01T07:31:46.645Z"}
{"context":"InstanceLoader","level":"info","message":"AppModule dependencies initialized","service":"api","timestamp":"2023-05-01T07:31:29.755Z"}
{"context":"InstanceLoader","level":"info","message":"UserModule dependencies initialized","service":"api","timestamp":"2023-05-01T07:31:44.092Z"}
{"context":"InstanceLoader","level":"info","message":"GraphQLSchemaBuilderModule dependencies initialized","service":"api","timestamp":"2023-05-01T07:31:44.262Z"}
{"context":"InstanceLoader","level":"info","message":"GraphQLModule dependencies initialized","service":"api","timestamp":"2023-05-01T07:31:44.500Z"}
{"context":{"methodName":"onModuleInit","packageName":"UserService","request_id":"2e25206f-a5b8-4e9e-af70-4c70b94f7b14"},"level":"info","message":"the message","service":"api","timestamp":"2023-05-01T07:31:46.126Z"}
{"context":"NestFactory","level":"info","message":"Starting Nest application...","service":"api","timestamp":"2023-05-01T07:31:27.877Z"}
{"context":"InstanceLoader","level":"info","message":"AppModule dependencies initialized","service":"api","timestamp":"2023-05-01T07:31:29.689Z"}
{"context":"InstanceLoader","level":"info","message":"UserModule dependencies initialized","service":"api","timestamp":"2023-05-01T07:31:43.885Z"}
{"context":"InstanceLoader","level":"info","message":"GraphQLSchemaBuilderModule dependencies initialized","service":"api","timestamp":"2023-05-01T07:31:44.091Z"}
{"context":"InstanceLoader","level":"info","message":"GraphQLModule dependencies initialized","service":"api","timestamp":"2023-05-01T07:31:44.164Z"}
{"context":{"methodName":"onModuleInit","packageName":"UserService","request_id":"a9bfed82-8b4d-4a87-b442-44eb52783497"},"level":"info","message":"the message","service":"api","timestamp":"2023-05-01T07:31:46.243Z"}
{"context":"InstanceLoader","level":"info","message":"AppModule dependencies initialized","service":"api","timestamp":"2023-05-01T07:31:29.774Z"}
{"context":"InstanceLoader","level":"info","message":"UserModule dependencies initialized","service":"api","timestamp":"2023-05-01T07:31:44.117Z"}
{"context":"InstanceLoader","level":"info","message":"GraphQLSchemaBuilderModule dependencies initialized","service":"api","timestamp":"2023-05-01T07:31:44.139Z"}
{"context":"InstanceLoader","level":"info","message":"GraphQLModule dependencies initialized","service":"api","timestamp":"2023-05-01T07:31:44.193Z"}
{"context":{"methodName":"onModuleInit","packageName":"UserService","request_id":"912529d7-a871-4eea-85fd-3670b3e718da"},"level":"info","message":"the message","service":"api","timestamp":"2023-05-01T07:31:46.098Z"}
{"context":"NestFactory","level":"info","message":"Starting Nest application...","service":"api","timestamp":"2023-05-01T07:31:27.883Z"}
{"context":"InstanceLoader","level":"info","message":"AppModule dependencies initialized","service":"api","timestamp":"2023-05-01T07:31:29.737Z"}
{"context":"InstanceLoader","level":"info","message":"UserModule dependencies initialized","service":"api","timestamp":"2023-05-01T07:31:44.259Z"}
{"context":"InstanceLoader","level":"info","message":"GraphQLSchemaBuilderModule dependencies initialized","service":"api","timestamp":"2023-05-01T07:31:44.287Z"}
{"context":"InstanceLoader","level":"info","message":"GraphQLModule dependencies initialized","service":"api","timestamp":"2023-05-01T07:31:44.429Z"}
{"context":{"methodName":"onModuleInit","packageName":"UserService","request_id":"c7312569-7116-4624-af5e-fb7e488a6f08"},"level":"info","message":"the message","service":"api","timestamp":"2023-05-01T07:31:46.119Z"}
{"context":"GraphQLModule","level":"info","message":"Mapped {/graphql, POST} route","service":"api","timestamp":"2023-05-01T07:31:52.204Z"}
{"context":"GraphQLModule","level":"info","message":"Mapped {/graphql, POST} route","service":"api","timestamp":"2023-05-01T07:31:52.224Z"}
{"context":"GraphQLModule","level":"info","message":"Mapped {/graphql, POST} route","service":"api","timestamp":"2023-05-01T07:31:52.229Z"}
{"context":"NestApplication","level":"info","message":"Nest application successfully started","service":"api","timestamp":"2023-05-01T07:31:52.274Z"}
{"context":"GraphQLModule","level":"info","message":"Mapped {/graphql, POST} route","service":"api","timestamp":"2023-05-01T07:31:52.206Z"}
{"context":"NestApplication","level":"info","message":"Nest application successfully started","service":"api","timestamp":"2023-05-01T07:31:52.228Z"}
{"context":"GraphQLModule","level":"info","message":"Mapped {/graphql, POST} route","service":"api","timestamp":"2023-05-01T07:31:52.206Z"}
{"context":"NestApplication","level":"info","message":"Nest application successfully started","service":"api","timestamp":"2023-05-01T07:31:52.295Z"}
{"context":"GraphQLModule","level":"info","message":"Mapped {/graphql, POST} route","service":"api","timestamp":"2023-05-01T07:31:52.193Z"}
{"context":"NestApplication","level":"info","message":"Nest application successfully started","service":"api","timestamp":"2023-05-01T07:31:52.310Z"}
{"context":"GraphQLModule","level":"info","message":"Mapped {/graphql, POST} route","service":"api","timestamp":"2023-05-01T07:31:52.247Z"}
{"context":"NestApplication","level":"info","message":"Nest application successfully started","service":"api","timestamp":"2023-05-01T07:31:52.310Z"}
{"context":"NestApplication","level":"info","message":"Nest application successfully started","service":"api","timestamp":"2023-05-01T07:31:52.276Z"}
{"context":"NestApplication","level":"info","message":"Nest application successfully started","service":"api","timestamp":"2023-05-01T07:31:52.317Z"}
{"context":"InstanceLoader","level":"info","message":"AppModule dependencies initialized","service":"api","timestamp":"2023-05-01T07:31:29.716Z"}
{"context":"InstanceLoader","level":"info","message":"UserModule dependencies initialized","service":"api","timestamp":"2023-05-01T07:31:43.938Z"}
{"context":"InstanceLoader","level":"info","message":"GraphQLSchemaBuilderModule dependencies initialized","service":"api","timestamp":"2023-05-01T07:31:43.998Z"}
{"context":"InstanceLoader","level":"info","message":"GraphQLModule dependencies initialized","service":"api","timestamp":"2023-05-01T07:31:44.217Z"}
{"context":{"methodName":"onModuleInit","packageName":"UserService","request_id":"571894ad-3f6a-420e-bf73-85fb2ee04a4d"},"level":"info","message":"the message","service":"api","timestamp":"2023-05-01T07:31:46.100Z"}
{"context":"GraphQLModule","level":"info","message":"Mapped {/graphql, POST} route","service":"api","timestamp":"2023-05-01T07:31:52.325Z"}
{"context":"NestApplication","level":"info","message":"Nest application successfully started","service":"api","timestamp":"2023-05-01T07:31:52.333Z"}
{"context":"NestApplication","level":"error","message":"Error: bind EADDRINUSE 127.0.0.1:3002","service":"api","stack":[null],"timestamp":"2023-05-01T07:31:53.194Z"}
{"context":"NestApplication","level":"error","message":"Error: bind EADDRINUSE 127.0.0.1:3002","service":"api","stack":[null],"timestamp":"2023-05-01T07:31:53.194Z"}
{"context":"NestApplication","level":"error","message":"Error: bind EADDRINUSE 127.0.0.1:3002","service":"api","stack":[null],"timestamp":"2023-05-01T07:31:53.217Z"}
{"context":"NestApplication","level":"error","message":"Error: bind EADDRINUSE 127.0.0.1:3002","service":"api","stack":[null],"timestamp":"2023-05-01T07:31:53.198Z"}
{"context":"NestApplication","level":"error","message":"Error: bind EADDRINUSE 127.0.0.1:3002","service":"api","stack":[null],"timestamp":"2023-05-01T07:31:53.232Z"}
{"context":"NestApplication","level":"error","message":"Error: bind EADDRINUSE 127.0.0.1:3002","service":"api","stack":[null],"timestamp":"2023-05-01T07:31:53.235Z"}
{"context":"NestApplication","level":"error","message":"Error: bind EADDRINUSE 127.0.0.1:3002","service":"api","stack":[null],"timestamp":"2023-05-01T07:31:53.238Z"}
{"context":"NestApplication","level":"error","message":"Error: bind EADDRINUSE 127.0.0.1:3002","service":"api","stack":[null],"timestamp":"2023-05-01T07:31:53.252Z"}
{"context":"NestFactory","level":"info","message":"Starting Nest application...","service":"api","timestamp":"2023-05-01T07:32:52.886Z"}
{"context":"NestFactory","level":"info","message":"Starting Nest application...","service":"api","timestamp":"2023-05-01T07:32:52.922Z"}
{"context":"InstanceLoader","level":"info","message":"AppModule dependencies initialized","service":"api","timestamp":"2023-05-01T07:32:57.713Z"}
{"context":"InstanceLoader","level":"info","message":"UserModule dependencies initialized","service":"api","timestamp":"2023-05-01T07:32:57.831Z"}
{"context":"InstanceLoader","level":"info","message":"GraphQLSchemaBuilderModule dependencies initialized","service":"api","timestamp":"2023-05-01T07:32:57.909Z"}
{"context":"InstanceLoader","level":"info","message":"GraphQLModule dependencies initialized","service":"api","timestamp":"2023-05-01T07:32:57.958Z"}
{"context":{"methodName":"onModuleInit","packageName":"UserService","request_id":"479933e4-2b1a-4f95-93b1-945e62288f0b"},"level":"info","message":"the message","service":"api","timestamp":"2023-05-01T07:32:58.741Z"}
{"context":"NestFactory","level":"info","message":"Starting Nest application...","service":"api","timestamp":"2023-05-01T07:32:52.935Z"}
{"context":"InstanceLoader","level":"info","message":"AppModule dependencies initialized","service":"api","timestamp":"2023-05-01T07:32:57.576Z"}
{"context":"InstanceLoader","level":"info","message":"UserModule dependencies initialized","service":"api","timestamp":"2023-05-01T07:32:57.712Z"}
{"context":"InstanceLoader","level":"info","message":"GraphQLSchemaBuilderModule dependencies initialized","service":"api","timestamp":"2023-05-01T07:32:57.714Z"}
{"context":"InstanceLoader","level":"info","message":"GraphQLModule dependencies initialized","service":"api","timestamp":"2023-05-01T07:32:57.750Z"}
{"context":{"methodName":"onModuleInit","packageName":"UserService","request_id":"3d86957a-bbe5-4612-aaf6-d001952b2f4e"},"level":"info","message":"the message","service":"api","timestamp":"2023-05-01T07:32:58.724Z"}
{"context":"NestFactory","level":"info","message":"Starting Nest application...","service":"api","timestamp":"2023-05-01T07:32:52.900Z"}
{"context":"InstanceLoader","level":"info","message":"AppModule dependencies initialized","service":"api","timestamp":"2023-05-01T07:32:57.560Z"}
{"context":"InstanceLoader","level":"info","message":"UserModule dependencies initialized","service":"api","timestamp":"2023-05-01T07:32:57.854Z"}
{"context":"InstanceLoader","level":"info","message":"GraphQLSchemaBuilderModule dependencies initialized","service":"api","timestamp":"2023-05-01T07:32:57.886Z"}
{"context":"InstanceLoader","level":"info","message":"GraphQLModule dependencies initialized","service":"api","timestamp":"2023-05-01T07:32:57.940Z"}
{"context":{"methodName":"onModuleInit","packageName":"UserService","request_id":"dad89bf5-e7e0-4c83-a3a4-58274593cae5"},"level":"info","message":"the message","service":"api","timestamp":"2023-05-01T07:32:58.769Z"}
{"context":"NestFactory","level":"info","message":"Starting Nest application...","service":"api","timestamp":"2023-05-01T07:32:52.908Z"}
{"context":"InstanceLoader","level":"info","message":"AppModule dependencies initialized","service":"api","timestamp":"2023-05-01T07:32:57.654Z"}
{"context":"InstanceLoader","level":"info","message":"UserModule dependencies initialized","service":"api","timestamp":"2023-05-01T07:32:57.658Z"}
{"context":"InstanceLoader","level":"info","message":"GraphQLSchemaBuilderModule dependencies initialized","service":"api","timestamp":"2023-05-01T07:32:57.665Z"}
{"context":"InstanceLoader","level":"info","message":"GraphQLModule dependencies initialized","service":"api","timestamp":"2023-05-01T07:32:57.676Z"}
{"context":{"methodName":"onModuleInit","packageName":"UserService","request_id":"6994813e-67fb-46ad-a461-d59addaa8dbe"},"level":"info","message":"the message","service":"api","timestamp":"2023-05-01T07:32:58.690Z"}
{"context":"NestFactory","level":"info","message":"Starting Nest application...","service":"api","timestamp":"2023-05-01T07:32:52.930Z"}
{"context":"NestFactory","level":"info","message":"Starting Nest application...","service":"api","timestamp":"2023-05-01T07:32:52.883Z"}
{"context":"InstanceLoader","level":"info","message":"AppModule dependencies initialized","service":"api","timestamp":"2023-05-01T07:32:57.618Z"}
{"context":"InstanceLoader","level":"info","message":"UserModule dependencies initialized","service":"api","timestamp":"2023-05-01T07:32:57.871Z"}
{"context":"InstanceLoader","level":"info","message":"GraphQLSchemaBuilderModule dependencies initialized","service":"api","timestamp":"2023-05-01T07:32:57.928Z"}
{"context":"InstanceLoader","level":"info","message":"GraphQLModule dependencies initialized","service":"api","timestamp":"2023-05-01T07:32:57.953Z"}
{"context":{"methodName":"onModuleInit","packageName":"UserService","request_id":"b6fd3fb8-b58c-4489-addf-d0a5ef0a91b9"},"level":"info","message":"the message","service":"api","timestamp":"2023-05-01T07:32:58.787Z"}
{"context":"NestFactory","level":"info","message":"Starting Nest application...","service":"api","timestamp":"2023-05-01T07:32:52.922Z"}
{"context":"InstanceLoader","level":"info","message":"AppModule dependencies initialized","service":"api","timestamp":"2023-05-01T07:32:57.631Z"}
{"context":"InstanceLoader","level":"info","message":"UserModule dependencies initialized","service":"api","timestamp":"2023-05-01T07:32:57.785Z"}
{"context":"InstanceLoader","level":"info","message":"GraphQLSchemaBuilderModule dependencies initialized","service":"api","timestamp":"2023-05-01T07:32:57.816Z"}
{"context":"InstanceLoader","level":"info","message":"GraphQLModule dependencies initialized","service":"api","timestamp":"2023-05-01T07:32:57.865Z"}
{"context":{"methodName":"onModuleInit","packageName":"UserService","request_id":"54f98c16-0ff3-460b-8fce-19011cf1def7"},"level":"info","message":"the message","service":"api","timestamp":"2023-05-01T07:32:58.648Z"}
{"context":"GraphQLModule","level":"info","message":"Mapped {/graphql, POST} route","service":"api","timestamp":"2023-05-01T07:32:59.708Z"}
{"context":"NestApplication","level":"info","message":"Nest application successfully started","service":"api","timestamp":"2023-05-01T07:32:59.712Z"}
{"context":"InstanceLoader","level":"info","message":"AppModule dependencies initialized","service":"api","timestamp":"2023-05-01T07:32:57.428Z"}
{"context":"InstanceLoader","level":"info","message":"UserModule dependencies initialized","service":"api","timestamp":"2023-05-01T07:32:57.639Z"}
{"context":"InstanceLoader","level":"info","message":"GraphQLSchemaBuilderModule dependencies initialized","service":"api","timestamp":"2023-05-01T07:32:57.648Z"}
{"context":"InstanceLoader","level":"info","message":"GraphQLModule dependencies initialized","service":"api","timestamp":"2023-05-01T07:32:57.656Z"}
{"context":{"methodName":"onModuleInit","packageName":"UserService","request_id":"74618ed3-031a-4511-b043-36270157c372"},"level":"info","message":"the message","service":"api","timestamp":"2023-05-01T07:32:57.972Z"}
{"context":"GraphQLModule","level":"info","message":"Mapped {/graphql, POST} route","service":"api","timestamp":"2023-05-01T07:32:59.695Z"}
{"context":"NestApplication","level":"info","message":"Nest application successfully started","service":"api","timestamp":"2023-05-01T07:32:59.714Z"}
{"context":"GraphQLModule","level":"info","message":"Mapped {/graphql, POST} route","service":"api","timestamp":"2023-05-01T07:32:59.717Z"}
{"context":"NestApplication","level":"info","message":"Nest application successfully started","service":"api","timestamp":"2023-05-01T07:32:59.742Z"}
{"context":"GraphQLModule","level":"info","message":"Mapped {/graphql, POST} route","service":"api","timestamp":"2023-05-01T07:32:59.695Z"}
{"context":"NestApplication","level":"info","message":"Nest application successfully started","service":"api","timestamp":"2023-05-01T07:32:59.709Z"}
{"context":"InstanceLoader","level":"info","message":"AppModule dependencies initialized","service":"api","timestamp":"2023-05-01T07:32:57.658Z"}
{"context":"InstanceLoader","level":"info","message":"UserModule dependencies initialized","service":"api","timestamp":"2023-05-01T07:32:57.670Z"}
{"context":"InstanceLoader","level":"info","message":"GraphQLSchemaBuilderModule dependencies initialized","service":"api","timestamp":"2023-05-01T07:32:57.691Z"}
{"context":"InstanceLoader","level":"info","message":"GraphQLModule dependencies initialized","service":"api","timestamp":"2023-05-01T07:32:57.750Z"}
{"context":{"methodName":"onModuleInit","packageName":"UserService","request_id":"e26ebce7-13f6-4821-9052-e54e2cca98e1"},"level":"info","message":"the message","service":"api","timestamp":"2023-05-01T07:32:58.743Z"}
{"context":"GraphQLModule","level":"info","message":"Mapped {/graphql, POST} route","service":"api","timestamp":"2023-05-01T07:32:59.776Z"}
{"context":"NestApplication","level":"info","message":"Nest application successfully started","service":"api","timestamp":"2023-05-01T07:32:59.792Z"}
{"context":"NestApplication","level":"error","message":"Error: bind EADDRINUSE 127.0.0.1:3002","service":"api","stack":[null],"timestamp":"2023-05-01T07:33:00.408Z"}
{"context":"GraphQLModule","level":"info","message":"Mapped {/graphql, POST} route","service":"api","timestamp":"2023-05-01T07:32:59.716Z"}
{"context":"NestApplication","level":"info","message":"Nest application successfully started","service":"api","timestamp":"2023-05-01T07:32:59.723Z"}
{"context":"GraphQLModule","level":"info","message":"Mapped {/graphql, POST} route","service":"api","timestamp":"2023-05-01T07:32:59.766Z"}
{"context":"NestApplication","level":"info","message":"Nest application successfully started","service":"api","timestamp":"2023-05-01T07:32:59.776Z"}
{"context":"GraphQLModule","level":"info","message":"Mapped {/graphql, POST} route","service":"api","timestamp":"2023-05-01T07:32:59.795Z"}
{"context":"NestApplication","level":"info","message":"Nest application successfully started","service":"api","timestamp":"2023-05-01T07:32:59.799Z"}
{"context":"NestApplication","level":"error","message":"Error: bind EADDRINUSE 127.0.0.1:3002","service":"api","stack":[null],"timestamp":"2023-05-01T07:33:00.414Z"}
{"context":"NestApplication","level":"error","message":"Error: bind EADDRINUSE 127.0.0.1:3002","service":"api","stack":[null],"timestamp":"2023-05-01T07:33:00.418Z"}
{"context":"NestApplication","level":"error","message":"Error: bind EADDRINUSE 127.0.0.1:3002","service":"api","stack":[null],"timestamp":"2023-05-01T07:33:00.454Z"}
{"context":"NestApplication","level":"error","message":"Error: bind EADDRINUSE 127.0.0.1:3002","service":"api","stack":[null],"timestamp":"2023-05-01T07:33:00.325Z"}
{"context":"NestApplication","level":"error","message":"Error: bind EADDRINUSE 127.0.0.1:3002","service":"api","stack":[null],"timestamp":"2023-05-01T07:33:00.400Z"}
{"context":"NestApplication","level":"error","message":"Error: bind EADDRINUSE 127.0.0.1:3002","service":"api","stack":[null],"timestamp":"2023-05-01T07:33:00.409Z"}
{"context":"NestApplication","level":"error","message":"Error: bind EADDRINUSE 127.0.0.1:3002","service":"api","stack":[null],"timestamp":"2023-05-01T07:33:00.419Z"}
{"context":"NestFactory","level":"info","message":"Starting Nest application...","service":"api","timestamp":"2023-05-01T07:33:19.819Z"}
{"context":"InstanceLoader","level":"info","message":"AppModule dependencies initialized","service":"api","timestamp":"2023-05-01T07:33:19.902Z"}
{"context":"InstanceLoader","level":"info","message":"UserModule dependencies initialized","service":"api","timestamp":"2023-05-01T07:33:19.902Z"}
{"context":"InstanceLoader","level":"info","message":"GraphQLSchemaBuilderModule dependencies initialized","service":"api","timestamp":"2023-05-01T07:33:19.903Z"}
{"context":"InstanceLoader","level":"info","message":"GraphQLModule dependencies initialized","service":"api","timestamp":"2023-05-01T07:33:19.903Z"}
{"context":{"methodName":"onModuleInit","packageName":"UserService","request_id":"3f603ba0-c664-4a06-be84-1ab4c58d0329"},"level":"info","message":"the message","service":"api","timestamp":"2023-05-01T07:33:19.971Z"}
{"context":"NestFactory","level":"info","message":"Starting Nest application...","service":"api","timestamp":"2023-05-01T07:33:19.780Z"}
{"context":"InstanceLoader","level":"info","message":"AppModule dependencies initialized","service":"api","timestamp":"2023-05-01T07:33:19.885Z"}
{"context":"InstanceLoader","level":"info","message":"UserModule dependencies initialized","service":"api","timestamp":"2023-05-01T07:33:19.889Z"}
{"context":"InstanceLoader","level":"info","message":"GraphQLSchemaBuilderModule dependencies initialized","service":"api","timestamp":"2023-05-01T07:33:19.890Z"}
{"context":"InstanceLoader","level":"info","message":"GraphQLModule dependencies initialized","service":"api","timestamp":"2023-05-01T07:33:19.891Z"}
{"context":{"methodName":"onModuleInit","packageName":"UserService","request_id":"5d4024a2-709d-49b0-b713-c1012c406300"},"level":"info","message":"the message","service":"api","timestamp":"2023-05-01T07:33:19.956Z"}
{"context":"NestFactory","level":"info","message":"Starting Nest application...","service":"api","timestamp":"2023-05-01T07:33:20.003Z"}
{"context":"InstanceLoader","level":"info","message":"AppModule dependencies initialized","service":"api","timestamp":"2023-05-01T07:33:20.035Z"}
{"context":"InstanceLoader","level":"info","message":"UserModule dependencies initialized","service":"api","timestamp":"2023-05-01T07:33:20.036Z"}
{"context":"InstanceLoader","level":"info","message":"GraphQLSchemaBuilderModule dependencies initialized","service":"api","timestamp":"2023-05-01T07:33:20.038Z"}
{"context":"InstanceLoader","level":"info","message":"GraphQLModule dependencies initialized","service":"api","timestamp":"2023-05-01T07:33:20.042Z"}
{"context":{"methodName":"onModuleInit","packageName":"UserService","request_id":"c0ee2c8c-2362-4ae0-ae41-9380b28dab78"},"level":"info","message":"the message","service":"api","timestamp":"2023-05-01T07:33:20.066Z"}
{"context":"GraphQLModule","level":"info","message":"Mapped {/graphql, POST} route","service":"api","timestamp":"2023-05-01T07:33:20.312Z"}
{"context":"NestApplication","level":"info","message":"Nest application successfully started","service":"api","timestamp":"2023-05-01T07:33:20.317Z"}
{"context":"GraphQLModule","level":"info","message":"Mapped {/graphql, POST} route","service":"api","timestamp":"2023-05-01T07:33:20.267Z"}
{"context":"NestApplication","level":"info","message":"Nest application successfully started","service":"api","timestamp":"2023-05-01T07:33:20.336Z"}
{"context":"NestApplication","level":"error","message":"Error: bind EADDRINUSE 127.0.0.1:3002","service":"api","stack":[null],"timestamp":"2023-05-01T07:33:20.391Z"}
{"context":"GraphQLModule","level":"info","message":"Mapped {/graphql, POST} route","service":"api","timestamp":"2023-05-01T07:33:20.387Z"}
{"context":"NestApplication","level":"info","message":"Nest application successfully started","service":"api","timestamp":"2023-05-01T07:33:20.392Z"}
{"context":"NestApplication","level":"error","message":"Error: bind EADDRINUSE 127.0.0.1:3002","service":"api","stack":[null],"timestamp":"2023-05-01T07:33:20.411Z"}
{"context":"NestApplication","level":"error","message":"Error: bind EADDRINUSE 127.0.0.1:3002","service":"api","stack":[null],"timestamp":"2023-05-01T07:33:20.535Z"}
{"context":"NestFactory","level":"info","message":"Starting Nest application...","service":"api","timestamp":"2023-05-01T07:33:20.190Z"}
{"context":"InstanceLoader","level":"info","message":"AppModule dependencies initialized","service":"api","timestamp":"2023-05-01T07:33:20.264Z"}
{"context":"InstanceLoader","level":"info","message":"UserModule dependencies initialized","service":"api","timestamp":"2023-05-01T07:33:20.268Z"}
{"context":"InstanceLoader","level":"info","message":"GraphQLSchemaBuilderModule dependencies initialized","service":"api","timestamp":"2023-05-01T07:33:20.268Z"}
{"context":"InstanceLoader","level":"info","message":"GraphQLModule dependencies initialized","service":"api","timestamp":"2023-05-01T07:33:20.269Z"}
{"context":{"methodName":"onModuleInit","packageName":"UserService","request_id":"13e7b865-8617-40cc-97fa-e50d290028d9"},"level":"info","message":"the message","service":"api","timestamp":"2023-05-01T07:33:20.431Z"}
{"context":"NestFactory","level":"info","message":"Starting Nest application...","service":"api","timestamp":"2023-05-01T07:33:20.182Z"}
{"context":"InstanceLoader","level":"info","message":"AppModule dependencies initialized","service":"api","timestamp":"2023-05-01T07:33:20.306Z"}
{"context":"InstanceLoader","level":"info","message":"UserModule dependencies initialized","service":"api","timestamp":"2023-05-01T07:33:20.308Z"}
{"context":"InstanceLoader","level":"info","message":"GraphQLSchemaBuilderModule dependencies initialized","service":"api","timestamp":"2023-05-01T07:33:20.309Z"}
{"context":"InstanceLoader","level":"info","message":"GraphQLModule dependencies initialized","service":"api","timestamp":"2023-05-01T07:33:20.310Z"}
{"context":{"methodName":"onModuleInit","packageName":"UserService","request_id":"46af5ce2-3b9f-41d9-8206-0dd1ad6950f1"},"level":"info","message":"the message","service":"api","timestamp":"2023-05-01T07:33:20.458Z"}
{"context":"GraphQLModule","level":"info","message":"Mapped {/graphql, POST} route","service":"api","timestamp":"2023-05-01T07:33:20.726Z"}
{"context":"NestApplication","level":"info","message":"Nest application successfully started","service":"api","timestamp":"2023-05-01T07:33:20.745Z"}
{"context":"NestApplication","level":"error","message":"Error: bind EADDRINUSE 127.0.0.1:3002","service":"api","stack":[null],"timestamp":"2023-05-01T07:33:20.775Z"}
{"context":"GraphQLModule","level":"info","message":"Mapped {/graphql, POST} route","service":"api","timestamp":"2023-05-01T07:33:20.841Z"}
{"context":"NestApplication","level":"info","message":"Nest application successfully started","service":"api","timestamp":"2023-05-01T07:33:20.879Z"}
{"context":"NestFactory","level":"info","message":"Starting Nest application...","service":"api","timestamp":"2023-05-01T07:33:20.568Z"}
{"context":"InstanceLoader","level":"info","message":"AppModule dependencies initialized","service":"api","timestamp":"2023-05-01T07:33:20.593Z"}
{"context":"InstanceLoader","level":"info","message":"UserModule dependencies initialized","service":"api","timestamp":"2023-05-01T07:33:20.594Z"}
{"context":"InstanceLoader","level":"info","message":"GraphQLSchemaBuilderModule dependencies initialized","service":"api","timestamp":"2023-05-01T07:33:20.594Z"}
{"context":"InstanceLoader","level":"info","message":"GraphQLModule dependencies initialized","service":"api","timestamp":"2023-05-01T07:33:20.595Z"}
{"context":{"methodName":"onModuleInit","packageName":"UserService","request_id":"e472fa2e-6541-49b6-a71e-bcc7c1c0f0b0"},"level":"info","message":"the message","service":"api","timestamp":"2023-05-01T07:33:20.701Z"}
{"context":"NestApplication","level":"error","message":"Error: bind EADDRINUSE 127.0.0.1:3002","service":"api","stack":[null],"timestamp":"2023-05-01T07:33:20.908Z"}
{"context":"GraphQLModule","level":"info","message":"Mapped {/graphql, POST} route","service":"api","timestamp":"2023-05-01T07:33:20.972Z"}
{"context":"NestApplication","level":"info","message":"Nest application successfully started","service":"api","timestamp":"2023-05-01T07:33:20.986Z"}
{"context":"NestApplication","level":"error","message":"Error: bind EADDRINUSE 127.0.0.1:3002","service":"api","stack":[null],"timestamp":"2023-05-01T07:33:21.048Z"}
{"context":"NestFactory","level":"info","message":"Starting Nest application...","service":"api","timestamp":"2023-05-01T07:44:20.251Z"}
{"context":"InstanceLoader","level":"info","message":"AppModule dependencies initialized","service":"api","timestamp":"2023-05-01T07:44:20.259Z"}
{"context":"InstanceLoader","level":"info","message":"UserModule dependencies initialized","service":"api","timestamp":"2023-05-01T07:44:20.262Z"}
{"context":"InstanceLoader","level":"info","message":"GraphQLSchemaBuilderModule dependencies initialized","service":"api","timestamp":"2023-05-01T07:44:20.263Z"}
{"context":"InstanceLoader","level":"info","message":"GraphQLModule dependencies initialized","service":"api","timestamp":"2023-05-01T07:44:20.263Z"}
{"context":{"methodName":"onModuleInit","packageName":"UserService","request_id":"20f0a1e6-54ce-4ddf-8e6e-04a3e88807c6"},"level":"info","message":"the message","service":"api","timestamp":"2023-05-01T07:44:20.318Z"}
{"context":"NestFactory","level":"info","message":"Starting Nest application...","service":"api","timestamp":"2023-05-01T07:44:20.253Z"}
{"context":"InstanceLoader","level":"info","message":"AppModule dependencies initialized","service":"api","timestamp":"2023-05-01T07:44:20.265Z"}
{"context":"InstanceLoader","level":"info","message":"UserModule dependencies initialized","service":"api","timestamp":"2023-05-01T07:44:20.265Z"}
{"context":"InstanceLoader","level":"info","message":"GraphQLSchemaBuilderModule dependencies initialized","service":"api","timestamp":"2023-05-01T07:44:20.265Z"}
{"context":"InstanceLoader","level":"info","message":"GraphQLModule dependencies initialized","service":"api","timestamp":"2023-05-01T07:44:20.266Z"}
{"context":{"methodName":"onModuleInit","packageName":"UserService","request_id":"597cccaf-c92c-4cf2-91ab-fd63f5a326b6"},"level":"info","message":"the message","service":"api","timestamp":"2023-05-01T07:44:20.470Z"}
{"context":"GraphQLModule","level":"info","message":"Mapped {/graphql, POST} route","service":"api","timestamp":"2023-05-01T07:44:21.037Z"}
{"context":"NestApplication","level":"info","message":"Nest application successfully started","service":"api","timestamp":"2023-05-01T07:44:21.106Z"}
{"context":"NestFactory","level":"info","message":"Starting Nest application...","service":"api","timestamp":"2023-05-01T07:44:20.257Z"}
{"context":"InstanceLoader","level":"info","message":"AppModule dependencies initialized","service":"api","timestamp":"2023-05-01T07:44:20.268Z"}
{"context":"InstanceLoader","level":"info","message":"UserModule dependencies initialized","service":"api","timestamp":"2023-05-01T07:44:20.269Z"}
{"context":"InstanceLoader","level":"info","message":"GraphQLSchemaBuilderModule dependencies initialized","service":"api","timestamp":"2023-05-01T07:44:20.269Z"}
{"context":"InstanceLoader","level":"info","message":"GraphQLModule dependencies initialized","service":"api","timestamp":"2023-05-01T07:44:20.269Z"}
{"context":{"methodName":"onModuleInit","packageName":"UserService","request_id":"30c6d818-8212-45cf-ae88-bb68dfec66d3"},"level":"info","message":"the message","service":"api","timestamp":"2023-05-01T07:44:20.679Z"}
{"context":"NestFactory","level":"info","message":"Starting Nest application...","service":"api","timestamp":"2023-05-01T07:44:20.253Z"}
{"context":"InstanceLoader","level":"info","message":"AppModule dependencies initialized","service":"api","timestamp":"2023-05-01T07:44:20.270Z"}
{"context":"InstanceLoader","level":"info","message":"UserModule dependencies initialized","service":"api","timestamp":"2023-05-01T07:44:20.272Z"}
{"context":"InstanceLoader","level":"info","message":"GraphQLSchemaBuilderModule dependencies initialized","service":"api","timestamp":"2023-05-01T07:44:20.273Z"}
{"context":"InstanceLoader","level":"info","message":"GraphQLModule dependencies initialized","service":"api","timestamp":"2023-05-01T07:44:20.273Z"}
{"context":{"methodName":"onModuleInit","packageName":"UserService","request_id":"a815c40b-a06f-4543-a284-2728ae7e4d06"},"level":"info","message":"the message","service":"api","timestamp":"2023-05-01T07:44:20.330Z"}
{"context":"GraphQLModule","level":"info","message":"Mapped {/graphql, POST} route","service":"api","timestamp":"2023-05-01T07:44:21.231Z"}
{"context":"NestApplication","level":"info","message":"Nest application successfully started","service":"api","timestamp":"2023-05-01T07:44:21.233Z"}
{"context":"NestFactory","level":"info","message":"Starting Nest application...","service":"api","timestamp":"2023-05-01T07:44:20.253Z"}
{"level":"info","message":"Application running on url http://127.0.0.1:3002, on worker with pid: 2266","service":"api","timestamp":"2023-05-01T07:44:21.286Z"}
{"context":"NestFactory","level":"info","message":"Starting Nest application...","service":"api","timestamp":"2023-05-01T07:44:20.251Z"}
{"context":"InstanceLoader","level":"info","message":"AppModule dependencies initialized","service":"api","timestamp":"2023-05-01T07:44:20.270Z"}
{"context":"InstanceLoader","level":"info","message":"UserModule dependencies initialized","service":"api","timestamp":"2023-05-01T07:44:20.271Z"}
{"context":"InstanceLoader","level":"info","message":"GraphQLSchemaBuilderModule dependencies initialized","service":"api","timestamp":"2023-05-01T07:44:20.271Z"}
{"context":"InstanceLoader","level":"info","message":"GraphQLModule dependencies initialized","service":"api","timestamp":"2023-05-01T07:44:20.272Z"}
{"context":{"methodName":"onModuleInit","packageName":"UserService","request_id":"6def1deb-d821-46fa-90f7-db5cda4cf732"},"level":"info","message":"the message","service":"api","timestamp":"2023-05-01T07:44:20.317Z"}
{"context":"InstanceLoader","level":"info","message":"AppModule dependencies initialized","service":"api","timestamp":"2023-05-01T07:44:20.263Z"}
{"context":"InstanceLoader","level":"info","message":"UserModule dependencies initialized","service":"api","timestamp":"2023-05-01T07:44:20.265Z"}
{"context":"InstanceLoader","level":"info","message":"GraphQLSchemaBuilderModule dependencies initialized","service":"api","timestamp":"2023-05-01T07:44:20.265Z"}
{"context":"InstanceLoader","level":"info","message":"GraphQLModule dependencies initialized","service":"api","timestamp":"2023-05-01T07:44:20.266Z"}
{"context":{"methodName":"onModuleInit","packageName":"UserService","request_id":"28293121-e9ef-4eb4-bd4e-c45a696d0634"},"level":"info","message":"the message","service":"api","timestamp":"2023-05-01T07:44:20.441Z"}
{"level":"info","message":"Application running on url http://127.0.0.1:3002, on worker with pid: 2261","service":"api","timestamp":"2023-05-01T07:44:21.397Z"}
{"context":"NestFactory","level":"info","message":"Starting Nest application...","service":"api","timestamp":"2023-05-01T07:44:20.254Z"}
{"context":"InstanceLoader","level":"info","message":"AppModule dependencies initialized","service":"api","timestamp":"2023-05-01T07:44:20.277Z"}
{"context":"InstanceLoader","level":"info","message":"UserModule dependencies initialized","service":"api","timestamp":"2023-05-01T07:44:20.277Z"}
{"context":"InstanceLoader","level":"info","message":"GraphQLSchemaBuilderModule dependencies initialized","service":"api","timestamp":"2023-05-01T07:44:20.278Z"}
{"context":"InstanceLoader","level":"info","message":"GraphQLModule dependencies initialized","service":"api","timestamp":"2023-05-01T07:44:20.278Z"}
{"context":{"methodName":"onModuleInit","packageName":"UserService","request_id":"7534a456-43c2-44d1-bc92-41878a040df2"},"level":"info","message":"the message","service":"api","timestamp":"2023-05-01T07:44:20.462Z"}
{"context":"GraphQLModule","level":"info","message":"Mapped {/graphql, POST} route","service":"api","timestamp":"2023-05-01T07:44:21.377Z"}
{"context":"NestApplication","level":"info","message":"Nest application successfully started","service":"api","timestamp":"2023-05-01T07:44:21.380Z"}
{"context":"NestFactory","level":"info","message":"Starting Nest application...","service":"api","timestamp":"2023-05-01T07:44:20.251Z"}
{"context":"InstanceLoader","level":"info","message":"AppModule dependencies initialized","service":"api","timestamp":"2023-05-01T07:44:20.262Z"}
{"context":"InstanceLoader","level":"info","message":"UserModule dependencies initialized","service":"api","timestamp":"2023-05-01T07:44:20.262Z"}
{"context":"InstanceLoader","level":"info","message":"GraphQLSchemaBuilderModule dependencies initialized","service":"api","timestamp":"2023-05-01T07:44:20.263Z"}
{"context":"InstanceLoader","level":"info","message":"GraphQLModule dependencies initialized","service":"api","timestamp":"2023-05-01T07:44:20.263Z"}
{"context":{"methodName":"onModuleInit","packageName":"UserService","request_id":"7c69f0d5-9aaa-4def-942e-4414360c7d84"},"level":"info","message":"the message","service":"api","timestamp":"2023-05-01T07:44:20.801Z"}
{"context":"GraphQLModule","level":"info","message":"Mapped {/graphql, POST} route","service":"api","timestamp":"2023-05-01T07:44:21.485Z"}
{"context":"NestApplication","level":"info","message":"Nest application successfully started","service":"api","timestamp":"2023-05-01T07:44:21.486Z"}
{"level":"info","message":"Application running on url http://127.0.0.1:3002, on worker with pid: 2267","service":"api","timestamp":"2023-05-01T07:44:21.493Z"}
{"level":"info","message":"Application running on url http://127.0.0.1:3002, on worker with pid: 2264","service":"api","timestamp":"2023-05-01T07:44:21.508Z"}
{"context":"GraphQLModule","level":"info","message":"Mapped {/graphql, POST} route","service":"api","timestamp":"2023-05-01T07:44:21.510Z"}
{"context":"NestApplication","level":"info","message":"Nest application successfully started","service":"api","timestamp":"2023-05-01T07:44:21.513Z"}
{"level":"info","message":"Application running on url http://127.0.0.1:3002, on worker with pid: 2265","service":"api","timestamp":"2023-05-01T07:44:21.521Z"}
{"context":"GraphQLModule","level":"info","message":"Mapped {/graphql, POST} route","service":"api","timestamp":"2023-05-01T07:44:21.538Z"}
{"context":"NestApplication","level":"info","message":"Nest application successfully started","service":"api","timestamp":"2023-05-01T07:44:21.539Z"}
{"level":"info","message":"Application running on url http://127.0.0.1:3002, on worker with pid: 2262","service":"api","timestamp":"2023-05-01T07:44:21.595Z"}
{"context":"GraphQLModule","level":"info","message":"Mapped {/graphql, POST} route","service":"api","timestamp":"2023-05-01T07:44:21.594Z"}
{"context":"NestApplication","level":"info","message":"Nest application successfully started","service":"api","timestamp":"2023-05-01T07:44:21.597Z"}
{"level":"info","message":"Application running on url http://127.0.0.1:3002, on worker with pid: 2263","service":"api","timestamp":"2023-05-01T07:44:21.603Z"}
{"context":"GraphQLModule","level":"info","message":"Mapped {/graphql, POST} route","service":"api","timestamp":"2023-05-01T07:44:21.540Z"}
{"context":"NestApplication","level":"info","message":"Nest application successfully started","service":"api","timestamp":"2023-05-01T07:44:21.594Z"}
{"level":"info","message":"Application running on url http://127.0.0.1:3002, on worker with pid: 2260","service":"api","timestamp":"2023-05-01T07:44:21.609Z"}
{"context":"NestFactory","level":"info","message":"Starting Nest application...","service":"api","timestamp":"2023-05-01T07:47:15.544Z"}
{"context":"InstanceLoader","level":"info","message":"AppModule dependencies initialized","service":"api","timestamp":"2023-05-01T07:47:15.553Z"}
{"context":"InstanceLoader","level":"info","message":"UserModule dependencies initialized","service":"api","timestamp":"2023-05-01T07:47:15.554Z"}
{"context":"InstanceLoader","level":"info","message":"GraphQLSchemaBuilderModule dependencies initialized","service":"api","timestamp":"2023-05-01T07:47:15.554Z"}
{"context":"InstanceLoader","level":"info","message":"GraphQLModule dependencies initialized","service":"api","timestamp":"2023-05-01T07:47:15.554Z"}
{"context":{"methodName":"onModuleInit","packageName":"UserService","request_id":"2567df14-aa27-4d52-a9e5-e908f5770523"},"level":"info","message":"the message","service":"api","timestamp":"2023-05-01T07:47:15.561Z"}
{"context":"GraphQLModule","level":"info","message":"Mapped {/graphql, POST} route","service":"api","timestamp":"2023-05-01T07:47:15.606Z"}
{"context":"NestApplication","level":"info","message":"Nest application successfully started","service":"api","timestamp":"2023-05-01T07:47:15.607Z"}
{"level":"info","message":"Application running on url http://127.0.0.1:3002, on worker with pid: 3059","service":"api","timestamp":"2023-05-01T07:47:15.620Z"}
{"context":"NestFactory","level":"info","message":"Starting Nest application...","service":"api","timestamp":"2023-05-01T07:51:15.980Z"}
{"context":"InstanceLoader","level":"info","message":"AppModule dependencies initialized","service":"api","timestamp":"2023-05-01T07:51:15.988Z"}
{"context":"InstanceLoader","level":"info","message":"UserModule dependencies initialized","service":"api","timestamp":"2023-05-01T07:51:15.989Z"}
{"context":"InstanceLoader","level":"info","message":"GraphQLSchemaBuilderModule dependencies initialized","service":"api","timestamp":"2023-05-01T07:51:15.989Z"}
{"context":"InstanceLoader","level":"info","message":"GraphQLModule dependencies initialized","service":"api","timestamp":"2023-05-01T07:51:15.990Z"}
{"context":{"methodName":"onModuleInit","packageName":"UserService","request_id":"4bd3ff24-ac0d-4470-87ce-3e4ec9d7bc4b"},"level":"info","message":"the message","service":"api","timestamp":"2023-05-01T07:51:16.005Z"}
{"context":"GraphQLModule","level":"info","message":"Mapped {/graphql, POST} route","service":"api","timestamp":"2023-05-01T07:51:16.044Z"}
{"context":"NestApplication","level":"info","message":"Nest application successfully started","service":"api","timestamp":"2023-05-01T07:51:16.045Z"}
{"level":"info","message":"Application running on url http://127.0.0.1:3002, on worker with pid: 3640","service":"api","timestamp":"2023-05-01T07:51:16.049Z"}
{"context":"NestFactory","level":"info","message":"Starting Nest application...","service":"api","timestamp":"2023-05-01T07:55:44.824Z"}
{"context":"InstanceLoader","level":"info","message":"AppModule dependencies initialized","service":"api","timestamp":"2023-05-01T07:55:44.833Z"}
{"context":"InstanceLoader","level":"info","message":"UserModule dependencies initialized","service":"api","timestamp":"2023-05-01T07:55:44.834Z"}
{"context":"InstanceLoader","level":"info","message":"GraphQLSchemaBuilderModule dependencies initialized","service":"api","timestamp":"2023-05-01T07:55:44.834Z"}
{"context":"InstanceLoader","level":"info","message":"GraphQLModule dependencies initialized","service":"api","timestamp":"2023-05-01T07:55:44.834Z"}
{"context":{"methodName":"onModuleInit","packageName":"UserService","request_id":"5261e342-88f9-443f-b49b-e17e5cae6dfe"},"level":"info","message":"the message","service":"api","timestamp":"2023-05-01T07:55:44.847Z"}
{"context":"GraphQLModule","level":"info","message":"Mapped {/graphql, POST} route","service":"api","timestamp":"2023-05-01T07:55:44.888Z"}
{"context":"NestApplication","level":"info","message":"Nest application successfully started","service":"api","timestamp":"2023-05-01T07:55:44.889Z"}
{"level":"info","message":"Application running on url http://127.0.0.1:3002, on worker with pid: 4494","service":"api","timestamp":"2023-05-01T07:55:44.895Z"}
{"context":"NestFactory","level":"info","message":"Starting Nest application...","service":"api","timestamp":"2023-05-01T07:57:22.756Z"}
{"context":"InstanceLoader","level":"info","message":"AppModule dependencies initialized","service":"api","timestamp":"2023-05-01T07:57:22.765Z"}
{"context":"InstanceLoader","level":"info","message":"UserModule dependencies initialized","service":"api","timestamp":"2023-05-01T07:57:22.766Z"}
{"context":"InstanceLoader","level":"info","message":"GraphQLSchemaBuilderModule dependencies initialized","service":"api","timestamp":"2023-05-01T07:57:22.766Z"}
{"context":"InstanceLoader","level":"info","message":"GraphQLModule dependencies initialized","service":"api","timestamp":"2023-05-01T07:57:22.766Z"}
{"context":{"methodName":"onModuleInit","packageName":"UserService","request_id":"dd9ca3df-259d-4457-8ca6-b2e46f759035"},"level":"info","message":"the message","service":"api","timestamp":"2023-05-01T07:57:22.774Z"}
{"context":"GraphQLModule","level":"info","message":"Mapped {/graphql, POST} route","service":"api","timestamp":"2023-05-01T07:57:22.815Z"}
{"context":"NestApplication","level":"info","message":"Nest application successfully started","service":"api","timestamp":"2023-05-01T07:57:22.816Z"}
{"level":"info","message":"Application running on url http://127.0.0.1:3002, on worker with pid: 4928","service":"api","timestamp":"2023-05-01T07:57:22.820Z"}
{"context":"NestFactory","level":"info","message":"Starting Nest application...","service":"api","timestamp":"2023-05-01T08:02:35.652Z"}
{"context":"InstanceLoader","level":"info","message":"AppModule dependencies initialized","service":"api","timestamp":"2023-05-01T08:02:35.661Z"}
{"context":"InstanceLoader","level":"info","message":"UserModule dependencies initialized","service":"api","timestamp":"2023-05-01T08:02:35.663Z"}
{"context":"InstanceLoader","level":"info","message":"GraphQLSchemaBuilderModule dependencies initialized","service":"api","timestamp":"2023-05-01T08:02:35.663Z"}
{"context":"InstanceLoader","level":"info","message":"GraphQLModule dependencies initialized","service":"api","timestamp":"2023-05-01T08:02:35.663Z"}
{"context":{"methodName":"onModuleInit","packageName":"UserService","request_id":"ae23d640-da6f-41bc-88dd-a6366a73bdc4"},"level":"info","message":"the message","service":"api","timestamp":"2023-05-01T08:02:35.670Z"}
{"context":"GraphQLModule","level":"info","message":"Mapped {/graphql, POST} route","service":"api","timestamp":"2023-05-01T08:02:35.716Z"}
{"context":"NestApplication","level":"info","message":"Nest application successfully started","service":"api","timestamp":"2023-05-01T08:02:35.716Z"}
{"level":"info","message":"Application running on url http://127.0.0.1:3002, on worker with pid: 5648","service":"api","timestamp":"2023-05-01T08:02:35.722Z"}
{"context":"NestFactory","level":"info","message":"Starting Nest application...","service":"api","timestamp":"2023-05-01T08:05:46.863Z"}
{"context":"InstanceLoader","level":"info","message":"AppModule dependencies initialized","service":"api","timestamp":"2023-05-01T08:05:46.872Z"}
{"context":"InstanceLoader","level":"info","message":"UserModule dependencies initialized","service":"api","timestamp":"2023-05-01T08:05:46.873Z"}
{"context":"InstanceLoader","level":"info","message":"GraphQLSchemaBuilderModule dependencies initialized","service":"api","timestamp":"2023-05-01T08:05:46.873Z"}
{"context":"InstanceLoader","level":"info","message":"GraphQLModule dependencies initialized","service":"api","timestamp":"2023-05-01T08:05:46.873Z"}
{"context":{"methodName":"onModuleInit","packageName":"UserService","request_id":"5f46646a-b8c1-41e5-88cd-74cee2956c66"},"level":"info","message":"the message","service":"api","timestamp":"2023-05-01T08:05:46.892Z"}
{"context":"GraphQLModule","level":"info","message":"Mapped {/graphql, POST} route","service":"api","timestamp":"2023-05-01T08:05:46.940Z"}
{"context":"NestApplication","level":"info","message":"Nest application successfully started","service":"api","timestamp":"2023-05-01T08:05:46.941Z"}
{"level":"info","message":"Application running on url http://127.0.0.1:3002, on worker with pid: 5993","service":"api","timestamp":"2023-05-01T08:05:46.947Z"}
{"context":"NestFactory","level":"info","message":"Starting Nest application...","service":"api","timestamp":"2023-05-01T08:34:18.562Z"}
{"context":"InstanceLoader","level":"info","message":"AppModule dependencies initialized","service":"api","timestamp":"2023-05-01T08:34:18.572Z"}
{"context":"InstanceLoader","level":"info","message":"UserModule dependencies initialized","service":"api","timestamp":"2023-05-01T08:34:18.573Z"}
{"context":"InstanceLoader","level":"info","message":"GraphQLSchemaBuilderModule dependencies initialized","service":"api","timestamp":"2023-05-01T08:34:18.574Z"}
{"context":"InstanceLoader","level":"info","message":"GraphQLModule dependencies initialized","service":"api","timestamp":"2023-05-01T08:34:18.574Z"}
{"context":{"methodName":"onModuleInit","packageName":"UserService","request_id":"b83e3f8d-b028-4e25-b8d0-f9374929142b"},"level":"info","message":"the message","service":"api","timestamp":"2023-05-01T08:34:18.587Z"}
{"context":"GraphQLModule","level":"info","message":"Mapped {/graphql, POST} route","service":"api","timestamp":"2023-05-01T08:34:18.638Z"}
{"context":"NestApplication","level":"info","message":"Nest application successfully started","service":"api","timestamp":"2023-05-01T08:34:18.640Z"}
{"level":"info","message":"Application running on url http://127.0.0.1:3002, on worker with pid: 2419","service":"api","timestamp":"2023-05-01T08:34:18.647Z"}
{"context":"NestFactory","level":"info","message":"Starting Nest application...","service":"api","timestamp":"2023-05-01T12:36:57.858Z"}
{"context":"InstanceLoader","level":"info","message":"AppModule dependencies initialized","service":"api","timestamp":"2023-05-01T12:36:57.866Z"}
{"context":"InstanceLoader","level":"info","message":"UserModule dependencies initialized","service":"api","timestamp":"2023-05-01T12:36:57.867Z"}
{"context":"InstanceLoader","level":"info","message":"GraphQLSchemaBuilderModule dependencies initialized","service":"api","timestamp":"2023-05-01T12:36:57.867Z"}
{"context":"InstanceLoader","level":"info","message":"GraphQLModule dependencies initialized","service":"api","timestamp":"2023-05-01T12:36:57.867Z"}
{"context":{"methodName":"onModuleInit","packageName":"UserService","request_id":"48cfa6f5-d8cc-4aea-b274-a3d0dc081717"},"level":"info","message":"the message","service":"api","timestamp":"2023-05-01T12:36:57.874Z"}
{"context":"GraphQLModule","level":"info","message":"Mapped {/graphql, POST} route","service":"api","timestamp":"2023-05-01T12:36:57.916Z"}
{"context":"NestApplication","level":"info","message":"Nest application successfully started","service":"api","timestamp":"2023-05-01T12:36:57.917Z"}
{"level":"info","message":"Application running on url http://127.0.0.1:3002, on worker with pid: 6603","service":"api","timestamp":"2023-05-01T12:36:57.922Z"}
